TN:
SF:/home/ronan/github/home/js/handlers.js
DA:1,1
DA:2,1
DA:3,1
DA:4,1
DA:5,1
DA:6,0
DA:7,1
DA:8,1
DA:9,1
DA:10,1
DA:11,1
DA:12,1
LF:9
LH:8
end_of_record
TN:
SF:/home/ronan/github/home/js/routes.js
DA:1,1
DA:2,1
DA:3,1
DA:4,1
DA:5,1
DA:6,1
DA:7,1
DA:8,1
DA:9,1
DA:10,1
DA:11,1
DA:12,1
DA:13,1
DA:14,1
DA:15,1
DA:16,1
DA:17,1
DA:18,1
DA:19,1
LF:18
LH:18
end_of_record
TN:
SF:/home/ronan/github/home/js/script.js
DA:1,1
DA:2,1
DA:3,1
DA:4,1
DA:5,1
DA:6,1
DA:7,1
DA:8,1
DA:9,1
DA:10,1
DA:11,1
DA:12,1
DA:13,1
DA:14,1
DA:15,5
DA:16,1
DA:17,1
DA:18,1
DA:19,1
DA:20,1
DA:21,5
DA:22,1
DA:23,4
DA:24,1
DA:25,1
DA:26,1
DA:27,3
DA:28,9
DA:29,9
DA:30,1
DA:31,9
DA:32,1
DA:33,4
DA:34,4
DA:35,1
DA:36,1
DA:37,3
DA:38,3
DA:39,1
DA:40,1
DA:41,2
DA:42,2
DA:43,2
DA:44,1
DA:45,1
DA:46,9
DA:47,1
DA:48,1
DA:49,1
DA:50,3
DA:51,1
DA:52,1
DA:53,1
DA:54,2
DA:55,1
DA:56,1
DA:57,1
DA:58,1
DA:59,1
DA:60,1
DA:61,1
DA:62,1
DA:63,1
DA:64,1
DA:65,4
DA:66,1
DA:67,1
DA:68,1
DA:69,1
DA:70,1
DA:71,4
DA:72,1
DA:73,4
DA:74,1
DA:75,3
DA:76,2
DA:77,1
DA:78,1
DA:79,1
DA:80,1
DA:81,1
DA:82,6
DA:83,6
DA:84,6
DA:85,1
DA:86,2
DA:87,1
DA:88,2
DA:89,2
DA:90,1
DA:91,1
DA:92,1
DA:93,1
DA:94,1
DA:95,1
DA:96,6
DA:97,1
DA:98,1
DA:99,1
DA:100,1
DA:101,1
DA:102,1
DA:103,3
DA:104,1
DA:105,1
DA:106,3
DA:107,2
DA:108,1
DA:109,1
DA:110,1
DA:111,5
DA:112,5
DA:113,5
DA:114,1
DA:115,1
DA:116,1
DA:117,1
DA:118,1
DA:119,1
DA:120,2
DA:121,1
DA:122,1
DA:123,1
DA:124,1
DA:125,1
DA:126,2
DA:127,14
DA:128,1
DA:129,1
DA:130,13
DA:131,13
DA:132,13
DA:133,13
DA:134,1
DA:135,1
DA:136,1
DA:137,2
DA:138,1
DA:139,1
DA:140,1
DA:141,2
DA:142,1
DA:143,1
DA:144,1
DA:145,1
DA:146,1
DA:147,2
DA:148,14
DA:149,1
DA:150,1
DA:151,13
DA:152,13
DA:153,13
DA:154,13
DA:155,1
DA:156,1
DA:157,1
DA:158,2
DA:159,1
DA:160,1
DA:161,1
DA:162,2
DA:163,1
DA:164,8
DA:165,1
DA:166,1
DA:167,2
DA:168,24
DA:169,2
DA:170,1
DA:171,22
DA:172,1
DA:173,1
DA:174,1
DA:175,2
DA:176,24
DA:177,1
DA:178,1
DA:179,2
DA:180,8
DA:181,1
DA:182,1
DA:183,1
DA:184,8
DA:185,1
DA:186,1
DA:187,8
DA:188,1
DA:189,1
DA:190,8
DA:191,1
DA:192,1
DA:193,1
DA:194,1
DA:195,2
DA:196,1
DA:197,2
DA:198,2
DA:199,2
DA:200,2
DA:201,1
DA:202,2
DA:203,1
DA:204,1
DA:205,2
DA:206,1
DA:207,1
DA:208,2
DA:209,1
DA:210,1
DA:211,2
DA:212,1
DA:213,1
DA:214,1
DA:215,2
DA:216,1
DA:217,1
DA:218,1
DA:219,1
DA:220,2
DA:221,1
DA:222,1
DA:223,1
DA:224,1
DA:225,1
DA:226,1
DA:227,2
DA:228,1
DA:229,1
DA:230,1
DA:231,1
DA:232,1
DA:233,1
LF:203
LH:203
end_of_record
