0
0
1
TN:
SF:/home/ronan/github/home/js/script.js
DA:1,0
DA:2,0
DA:3,1
DA:4,1
DA:5,1
DA:6,1
DA:7,1
DA:8,5
DA:9,1
DA:10,1
DA:11,1
DA:12,1
DA:13,1
DA:14,5
DA:15,1
DA:16,4
DA:17,1
DA:18,1
DA:19,1
DA:20,3
DA:21,28
DA:22,28
DA:23,1
DA:24,28
DA:25,1
DA:26,11
DA:27,11
DA:28,1
DA:29,1
DA:30,9
DA:31,9
DA:32,1
DA:33,1
DA:34,8
DA:35,8
DA:36,8
DA:37,1
DA:38,1
DA:39,28
DA:40,1
DA:41,1
DA:42,1
DA:43,3
DA:44,3
DA:45,2
DA:46,2
DA:47,2
DA:48,0
DA:49,1
DA:50,1
DA:51,1
DA:52,1
DA:53,0
DA:54,1
DA:55,1
DA:56,1
DA:57,1
DA:58,1
DA:59,1
DA:60,1
DA:61,1
DA:62,1
DA:63,1
DA:64,1
DA:65,1
DA:66,1
DA:67,0
DA:68,1
DA:69,1
DA:70,1
DA:71,0
DA:72,0
DA:73,1
DA:74,1
DA:75,0
DA:76,1
DA:77,0
DA:78,0
DA:79,0
DA:80,0
DA:81,1
DA:82,0
DA:83,1
DA:84,0
DA:85,0
DA:86,1
DA:87,0
DA:88,0
DA:89,1
DA:90,0
DA:91,1
DA:92,0
DA:93,1
DA:94,1
DA:95,0
DA:96,1
DA:97,1
DA:98,1
DA:99,0
DA:100,1
DA:101,1
DA:102,0
DA:103,0
DA:104,1
DA:105,1
DA:106,0
DA:107,0
DA:108,0
DA:109,0
DA:110,1
DA:111,1
DA:112,0
DA:113,1
DA:114,1
DA:115,1
DA:116,0
DA:117,1
DA:118,1
DA:119,1
DA:120,1
DA:121,1
DA:122,0
DA:123,0
DA:124,0
DA:125,0
DA:126,0
DA:127,0
DA:128,1
DA:129,0
DA:130,1
DA:131,1
DA:132,0
DA:133,1
DA:134,1
DA:135,1
DA:136,0
DA:137,1
DA:138,1
DA:139,1
DA:140,1
DA:141,1
DA:142,0
DA:143,0
DA:144,0
DA:145,0
DA:146,0
DA:147,0
DA:148,1
DA:149,0
DA:150,1
DA:151,1
DA:152,1
DA:153,0
DA:154,1
DA:155,1
DA:156,1
DA:157,0
DA:158,1
DA:159,0
DA:160,1
DA:161,1
DA:162,0
DA:163,0
DA:164,0
DA:165,0
DA:166,1
DA:167,1
DA:168,1
DA:169,0
DA:170,0
DA:171,0
DA:172,1
DA:173,0
DA:174,0
DA:175,1
DA:176,0
DA:177,0
DA:178,1
DA:179,0
DA:180,0
DA:181,1
DA:182,1
DA:183,1
DA:184,0
DA:185,1
DA:186,0
DA:187,0
DA:188,0
DA:189,0
DA:190,1
DA:191,0
DA:192,0
DA:193,1
DA:194,0
DA:195,0
DA:196,1
DA:197,0
DA:198,0
DA:199,1
DA:200,0
DA:201,0
DA:202,1
DA:203,1
DA:204,0
DA:205,1
DA:206,1
DA:207,1
DA:208,1
DA:209,0
DA:210,1
DA:211,1
DA:212,1
DA:213,1
DA:214,1
DA:215,1
DA:216,0
DA:217,1
DA:218,1
DA:219,1
DA:220,1
DA:221,1
LF:193
LH:116
end_of_record
